2015-03-20 10:43:55,243 - apps.illuminaapi.scripts.createfastq - INFO - Currently experiment:ISO-639-2_values_8bits-utf-8
2015-03-20 10:43:55,243 - apps.illuminaapi.scripts.createfastq - INFO - ISO-639-2_values_8bits-utf-8: Init Directory
2015-03-20 10:43:55,262 - apps.illuminaapi.scripts.createfastq - INFO - ISO-639-2_values_8bits-utf-8: Run bcl2fastq
2015-03-20 10:43:55,348 - apps.illuminaapi.scripts.createfastq - ERROR - Exception in runExpirement : error in createSampleSheet [Errno 2] No such file or directory: u'/home/sheker/sequencerapi/src/sequencerapi/apps/illuminaapi/uploads/ISO-639-2_values_8bits-utf-8.csv'
Traceback (most recent call last):
  File "/home/sheker/sequencerapi/src/sequencerapi/apps/illuminaapi/scripts/createfastq.py", line 33, in run
    operations.runExpirement(data)
  File "/home/sheker/sequencerapi/src/sequencerapi/apps/illuminaapi/scripts/createfastq_operations.py", line 72, in runExpirement
    raise Exception("Exception in runExpirement : %s" %e)
Exception: Exception in runExpirement : error in createSampleSheet [Errno 2] No such file or directory: u'/home/sheker/sequencerapi/src/sequencerapi/apps/illuminaapi/uploads/ISO-639-2_values_8bits-utf-8.csv'
2015-03-20 12:32:18,371 - apps.illuminaapi.scripts.createfastq - INFO - Currently experiment:michal-79
2015-03-20 12:32:18,371 - apps.illuminaapi.scripts.createfastq - INFO - michal-79: Init Directory
2015-03-20 12:32:18,382 - apps.illuminaapi.scripts.createfastq - INFO - michal-79: Run bcl2fastq
2015-03-20 12:32:28,477 - apps.illuminaapi.scripts.createfastq - INFO - michal-79: Finished
2015-03-20 12:35:59,896 - apps.illuminaapi.scripts.createfastq - INFO - Currently experiment:michal-79
2015-03-20 12:35:59,897 - apps.illuminaapi.scripts.createfastq - INFO - michal-79: Init Directory
2015-03-20 12:35:59,910 - apps.illuminaapi.scripts.createfastq - INFO - michal-79: Run bcl2fastq
2015-03-20 12:36:09,998 - apps.illuminaapi.scripts.createfastq - INFO - michal-79: Finished
2015-03-20 13:19:53,707 - apps.illuminaapi.scripts.createfastq - INFO - Currently experiment:michal-80
2015-03-20 13:19:53,707 - apps.illuminaapi.scripts.createfastq - INFO - Currently experiment:michal-80
2015-03-20 13:19:53,707 - apps.illuminaapi.scripts.createfastq - INFO - michal-80: Init Directory
2015-03-20 13:19:53,707 - apps.illuminaapi.scripts.createfastq - INFO - michal-80: Init Directory
2015-03-20 13:19:53,720 - apps.illuminaapi.scripts.createfastq - INFO - michal-80: Run bcl2fastq
2015-03-20 13:19:53,720 - apps.illuminaapi.scripts.createfastq - INFO - michal-80: Run bcl2fastq
2015-03-20 13:20:03,784 - apps.illuminaapi.scripts.createfastq - INFO - michal-80: Finished
2015-03-20 13:20:03,784 - apps.illuminaapi.scripts.createfastq - INFO - michal-80: Finished
2015-03-20 13:22:22,233 - apps.illuminaapi.scripts.createfastq - INFO - Currently experiment:michal-79
2015-03-20 13:22:22,234 - apps.illuminaapi.scripts.createfastq - INFO - michal-79: Init Directory
2015-03-20 13:22:22,254 - apps.illuminaapi.scripts.createfastq - INFO - michal-79: Run bcl2fastq
2015-03-20 13:22:52,352 - apps.illuminaapi.scripts.createfastq - ERROR - global name 'self' is not defined
Traceback (most recent call last):
  File "/home/sheker/sequencerapi/src/sequencerapi/apps/illuminaapi/scripts/createfastq.py", line 35, in run
    self.update_data("http://10.100.102.11:8080/illuminaapi/job/%s"%data['job_id'],
NameError: global name 'self' is not defined
2015-03-20 13:25:05,967 - apps.illuminaapi.scripts.createfastq - INFO - Currently experiment:michal-80
2015-03-20 13:25:05,967 - apps.illuminaapi.scripts.createfastq - INFO - michal-80: Init Directory
2015-03-20 13:25:05,978 - apps.illuminaapi.scripts.createfastq - INFO - michal-80: Run bcl2fastq
2015-03-20 13:25:36,048 - apps.illuminaapi.scripts.createfastq - ERROR - global name 'self' is not defined
Traceback (most recent call last):
  File "/home/sheker/sequencerapi/src/sequencerapi/apps/illuminaapi/scripts/createfastq.py", line 35, in run
    update_data("http://10.100.102.11:8080/illuminaapi/job/%s"%data['job_id'],
NameError: global name 'self' is not defined
2015-03-20 13:25:59,952 - apps.illuminaapi.scripts.createfastq - INFO - Currently experiment:michal-79
2015-03-20 13:25:59,953 - apps.illuminaapi.scripts.createfastq - INFO - michal-79: Init Directory
2015-03-20 13:25:59,972 - apps.illuminaapi.scripts.createfastq - INFO - michal-79: Run bcl2fastq
2015-03-20 13:26:30,160 - apps.illuminaapi.scripts.createfastq - ERROR - Couldn't update http://10.100.102.11:8080/illuminaapi/job/27: BAD REQUEST : {"analyze":["This field is required."],"description":["This field is required."]}
Traceback (most recent call last):
  File "/home/sheker/sequencerapi/src/sequencerapi/apps/illuminaapi/scripts/createfastq.py", line 36, in run
    {'description':'finished to generate fastq'})
  File "/home/sheker/sequencerapi/src/sequencerapi/apps/illuminaapi/scripts/createfastq.py", line 73, in update_data
    raise Exception("Couldn't update %s: %s : %s" %(url,update.reason,update.content))
Exception: Couldn't update http://10.100.102.11:8080/illuminaapi/job/27: BAD REQUEST : {"analyze":["This field is required."],"description":["This field is required."]}
2015-03-20 13:33:04,415 - apps.illuminaapi.scripts.createfastq - INFO - Currently experiment:michal-80
2015-03-20 13:33:04,415 - apps.illuminaapi.scripts.createfastq - INFO - michal-80: Init Directory
2015-03-20 13:33:04,439 - apps.illuminaapi.scripts.createfastq - INFO - michal-80: Run bcl2fastq
2015-03-20 13:33:34,600 - apps.illuminaapi.scripts.createfastq - ERROR - Couldn't update http://10.100.102.11:8080/illuminaapi/job/28: BAD REQUEST : {"analyze":["This field is required."],"description":["This field is required."]}
Traceback (most recent call last):
  File "/home/sheker/sequencerapi/src/sequencerapi/apps/illuminaapi/scripts/createfastq.py", line 36, in run
    {'description':'finished to generate fastq'})
  File "/home/sheker/sequencerapi/src/sequencerapi/apps/illuminaapi/scripts/createfastq.py", line 73, in update_data
    raise Exception("Couldn't update %s: %s : %s" %(url,update.reason,update.content))
Exception: Couldn't update http://10.100.102.11:8080/illuminaapi/job/28: BAD REQUEST : {"analyze":["This field is required."],"description":["This field is required."]}
2015-03-20 13:34:03,297 - apps.illuminaapi.scripts.createfastq - INFO - Currently experiment:michal-79
2015-03-20 13:34:03,298 - apps.illuminaapi.scripts.createfastq - INFO - michal-79: Init Directory
2015-03-20 13:34:03,319 - apps.illuminaapi.scripts.createfastq - INFO - michal-79: Run bcl2fastq
2015-03-20 13:34:33,537 - apps.illuminaapi.scripts.createfastq - INFO - michal-79: Finished
2015-03-20 13:40:50,790 - apps.illuminaapi.scripts.createfastq - INFO - Currently experiment:michal-80
2015-03-20 13:40:50,790 - apps.illuminaapi.scripts.createfastq - INFO - michal-80: Init Directory
2015-03-20 13:40:50,822 - apps.illuminaapi.scripts.createfastq - INFO - michal-80: Run bcl2fastq
2015-03-20 13:40:52,035 - apps.illuminaapi.scripts.createfastq - INFO - Currently experiment:michal-79
2015-03-20 13:40:52,035 - apps.illuminaapi.scripts.createfastq - INFO - Currently experiment:michal-79
2015-03-20 13:40:52,035 - apps.illuminaapi.scripts.createfastq - INFO - michal-79: Init Directory
2015-03-20 13:40:52,035 - apps.illuminaapi.scripts.createfastq - INFO - michal-79: Init Directory
2015-03-20 13:40:52,056 - apps.illuminaapi.scripts.createfastq - INFO - michal-79: Run bcl2fastq
2015-03-20 13:40:52,056 - apps.illuminaapi.scripts.createfastq - INFO - michal-79: Run bcl2fastq
2015-03-20 13:41:21,096 - apps.illuminaapi.scripts.createfastq - INFO - michal-80: Finished
2015-03-20 13:41:22,304 - apps.illuminaapi.scripts.createfastq - INFO - michal-79: Finished
2015-03-20 13:41:22,304 - apps.illuminaapi.scripts.createfastq - INFO - michal-79: Finished
2015-03-20 16:11:37,094 - apps.illuminaapi.scripts.createfastq - INFO - Currently experiment:michal-80
2015-03-20 16:11:37,096 - apps.illuminaapi.scripts.createfastq - INFO - michal-80: Init Directory
2015-03-20 16:11:37,135 - apps.illuminaapi.scripts.createfastq - INFO - michal-80: Run bcl2fastq
2015-03-20 16:12:07,331 - apps.illuminaapi.scripts.createfastq - INFO - michal-80: Finished
2015-03-20 16:12:07,435 - apps.illuminaapi.scripts.createfastq - INFO - Currently experiment:michal-79
2015-03-20 16:12:07,435 - apps.illuminaapi.scripts.createfastq - INFO - michal-79: Init Directory
2015-03-20 16:12:07,448 - apps.illuminaapi.scripts.createfastq - INFO - michal-79: Run bcl2fastq
2015-03-20 16:12:37,615 - apps.illuminaapi.scripts.createfastq - INFO - michal-79: Finished
2015-03-20 16:17:10,082 - apps.illuminaapi.scripts.createfastq - INFO - Currently experiment:michal-80
2015-03-20 16:17:10,082 - apps.illuminaapi.scripts.createfastq - INFO - Currently experiment:michal-80
2015-03-20 16:17:10,082 - apps.illuminaapi.scripts.createfastq - INFO - michal-80: Init Directory
2015-03-20 16:17:10,082 - apps.illuminaapi.scripts.createfastq - INFO - michal-80: Init Directory
2015-03-20 16:17:10,094 - apps.illuminaapi.scripts.createfastq - INFO - michal-80: Run bcl2fastq
2015-03-20 16:17:10,094 - apps.illuminaapi.scripts.createfastq - INFO - michal-80: Run bcl2fastq
2015-03-20 16:17:40,276 - apps.illuminaapi.scripts.createfastq - INFO - michal-80: Finished
2015-03-20 16:17:40,276 - apps.illuminaapi.scripts.createfastq - INFO - michal-80: Finished
2015-03-20 16:17:40,346 - apps.illuminaapi.scripts.createfastq - INFO - Currently experiment:michal-79
2015-03-20 16:17:40,346 - apps.illuminaapi.scripts.createfastq - INFO - Currently experiment:michal-79
2015-03-20 16:17:40,347 - apps.illuminaapi.scripts.createfastq - INFO - michal-79: Init Directory
2015-03-20 16:17:40,347 - apps.illuminaapi.scripts.createfastq - INFO - michal-79: Init Directory
2015-03-20 16:17:40,382 - apps.illuminaapi.scripts.createfastq - INFO - michal-79: Run bcl2fastq
2015-03-20 16:17:40,382 - apps.illuminaapi.scripts.createfastq - INFO - michal-79: Run bcl2fastq
2015-03-20 16:18:10,539 - apps.illuminaapi.scripts.createfastq - INFO - michal-79: Finished
2015-03-20 16:18:10,539 - apps.illuminaapi.scripts.createfastq - INFO - michal-79: Finished
